0 info it worked if it ends with ok
1 verbose cli [ 'C:\\Users\\sttlr\\AppData\\Local\\.meteor\\packages\\meteor-tool\\1.4.1_2\\mt-os.windows.x86_32\\dev_bundle\\bin\\node.exe',
1 verbose cli   'C:\\Users\\sttlr\\AppData\\Local\\.meteor\\packages\\meteor-tool\\1.4.1_2\\mt-os.windows.x86_32\\dev_bundle\\lib\\node_modules\\npm\\bin\\npm-cli.js',
1 verbose cli   'install',
1 verbose cli   '--settings',
1 verbose cli   'settings.json' ]
2 info using npm@3.10.8
3 info using node@v4.6.0
4 silly loadCurrentTree Starting
5 silly install loadCurrentTree
6 silly install readLocalPackageData
7 silly fetchPackageMetaData settings.json
8 silly fetchOtherPackageData settings.json
9 silly cache add args [ 'settings.json', null ]
10 verbose cache add spec settings.json
11 silly cache add parsed spec Result {
11 silly cache add   raw: 'settings.json',
11 silly cache add   scope: null,
11 silly cache add   escapedName: 'settings.json',
11 silly cache add   name: null,
11 silly cache add   rawSpec: 'settings.json',
11 silly cache add   spec: 'C:\\Users\\sttlr\\arsnova.click\\arsnova.click\\settings.json',
11 silly cache add   type: 'local' }
12 silly addLocalTarball shasum (computed) ca70d0cc73dff8efbc0fad55ad4e5e9462ae3b76
13 verbose addTmpTarball C:\Users\sttlr\arsnova.click\arsnova.click\settings.json not in flight; adding
14 verbose correctMkdir C:\Users\sttlr\AppData\Roaming\npm-cache correctMkdir not in flight; initializing
15 verbose makeDirectory C:\Users\sttlr\AppData\Roaming\npm-cache creation not in flight; initializing
16 verbose makeCacheDir UID & GID are irrelevant on win32
17 verbose addTmpTarball validating metadata from C:\Users\sttlr\arsnova.click\arsnova.click\settings.json
18 verbose tar unpack C:\Users\sttlr\arsnova.click\arsnova.click\settings.json
19 verbose tar unpacking to C:\Users\sttlr\AppData\Local\Temp\npm-9828-a9f0eca2\unpack-86fc47c1
20 silly gentlyRm C:\Users\sttlr\AppData\Local\Temp\npm-9828-a9f0eca2\unpack-86fc47c1 is being purged
21 verbose gentlyRm don't care about contents; nuking C:\Users\sttlr\AppData\Local\Temp\npm-9828-a9f0eca2\unpack-86fc47c1
22 silly gunzTarPerm modes [ '777', '666' ]
23 error not a package C:\Users\sttlr\arsnova.click\arsnova.click\settings.json
24 error addLocal Could not install C:\Users\sttlr\arsnova.click\arsnova.click\settings.json
25 silly fetchPackageMetaData Error: ENOENT: no such file or directory, open 'C:\Users\sttlr\AppData\Local\Temp\npm-9828-a9f0eca2\unpack-86fc47c1\package.json'
25 silly fetchPackageMetaData     at Error (native)
25 silly fetchPackageMetaData  error for settings.json { [Error: ENOENT: no such file or directory, open 'C:\Users\sttlr\AppData\Local\Temp\npm-9828-a9f0eca2\unpack-86fc47c1\package.json']
25 silly fetchPackageMetaData   errno: -4058,
25 silly fetchPackageMetaData   code: 'ENOENT',
25 silly fetchPackageMetaData   syscall: 'open',
25 silly fetchPackageMetaData   path: 'C:\\Users\\sttlr\\AppData\\Local\\Temp\\npm-9828-a9f0eca2\\unpack-86fc47c1\\package.json' }
26 silly rollbackFailedOptional Starting
27 silly rollbackFailedOptional Finishing
28 silly runTopLevelLifecycles Finishing
29 silly install printInstalled
30 verbose stack Error: ENOENT: no such file or directory, open 'C:\Users\sttlr\AppData\Local\Temp\npm-9828-a9f0eca2\unpack-86fc47c1\package.json'
30 verbose stack     at Error (native)
31 verbose cwd C:\Users\sttlr\arsnova.click\arsnova.click
32 error Windows_NT 10.0.14393
33 error argv "C:\\Users\\sttlr\\AppData\\Local\\.meteor\\packages\\meteor-tool\\1.4.1_2\\mt-os.windows.x86_32\\dev_bundle\\bin\\node.exe" "C:\\Users\\sttlr\\AppData\\Local\\.meteor\\packages\\meteor-tool\\1.4.1_2\\mt-os.windows.x86_32\\dev_bundle\\lib\\node_modules\\npm\\bin\\npm-cli.js" "install" "--settings" "settings.json"
34 error node v4.6.0
35 error npm  v3.10.8
36 error path C:\Users\sttlr\AppData\Local\Temp\npm-9828-a9f0eca2\unpack-86fc47c1\package.json
37 error code ENOENT
38 error errno -4058
39 error syscall open
40 error enoent ENOENT: no such file or directory, open 'C:\Users\sttlr\AppData\Local\Temp\npm-9828-a9f0eca2\unpack-86fc47c1\package.json'
41 error enoent ENOENT: no such file or directory, open 'C:\Users\sttlr\AppData\Local\Temp\npm-9828-a9f0eca2\unpack-86fc47c1\package.json'
41 error enoent This is most likely not a problem with npm itself
41 error enoent and is related to npm not being able to find a file.
42 verbose exit [ -4058, true ]
